mode: atomic
github.com/buyco/go-cma-sdk/auth/auth.go:32.90,40.2 1 2
github.com/buyco/go-cma-sdk/auth/auth.go:42.75,50.16 2 0
github.com/buyco/go-cma-sdk/auth/auth.go:53.2,53.17 1 0
github.com/buyco/go-cma-sdk/auth/auth.go:57.2,58.81 2 0
github.com/buyco/go-cma-sdk/auth/auth.go:50.16,52.3 1 0
github.com/buyco/go-cma-sdk/auth/auth.go:53.17,55.3 1 0
github.com/buyco/go-cma-sdk/auth/auth.go:62.49,69.2 1 1
github.com/buyco/go-cma-sdk/auth/auth.go:71.50,76.2 1 1
github.com/buyco/go-cma-sdk/auth/httpmock.go:26.65,30.2 3 2
github.com/buyco/go-cma-sdk/auth/httpmock.go:33.63,35.2 1 0
github.com/buyco/go-cma-sdk/auth/httpmock.go:38.51,43.2 4 0
github.com/buyco/go-cma-sdk/auth/httpmock.go:46.65,49.2 2 0
github.com/buyco/go-cma-sdk/auth/httpmock.go:63.67,67.2 3 0
github.com/buyco/go-cma-sdk/auth/httpmock.go:70.65,72.2 1 0
github.com/buyco/go-cma-sdk/auth/httpmock.go:75.54,80.2 4 0
github.com/buyco/go-cma-sdk/auth/httpmock.go:83.68,86.2 2 0
github.com/buyco/go-cma-sdk/auth/httpmock.go:89.53,94.2 4 0
github.com/buyco/go-cma-sdk/auth/httpmock.go:97.67,100.2 2 0
github.com/buyco/go-cma-sdk/auth/httpmock.go:103.65,109.2 5 0
github.com/buyco/go-cma-sdk/auth/httpmock.go:112.74,115.2 2 0
github.com/buyco/go-cma-sdk/auth/httpmock.go:118.66,124.2 5 0
github.com/buyco/go-cma-sdk/auth/httpmock.go:127.75,130.2 2 0
github.com/buyco/go-cma-sdk/auth/httpmock.go:133.65,139.2 5 0
github.com/buyco/go-cma-sdk/auth/httpmock.go:142.74,145.2 2 0
github.com/buyco/go-cma-sdk/auth/httpmock.go:148.71,153.2 4 0
github.com/buyco/go-cma-sdk/auth/httpmock.go:156.81,159.2 2 0
github.com/buyco/go-cma-sdk/auth/httpmock.go:162.67,167.2 4 0
github.com/buyco/go-cma-sdk/auth/httpmock.go:170.81,173.2 2 0
github.com/buyco/go-cma-sdk/auth/httpmock.go:176.75,181.2 4 0
github.com/buyco/go-cma-sdk/auth/httpmock.go:184.83,187.2 2 0
github.com/buyco/go-cma-sdk/auth/httpmock.go:190.74,195.2 4 0
github.com/buyco/go-cma-sdk/auth/httpmock.go:198.82,201.2 2 0
github.com/buyco/go-cma-sdk/auth/httpmock.go:204.69,209.2 4 0
github.com/buyco/go-cma-sdk/auth/httpmock.go:212.83,215.2 2 0
github.com/buyco/go-cma-sdk/auth/httpmock.go:229.69,233.2 3 0
github.com/buyco/go-cma-sdk/auth/httpmock.go:236.67,238.2 1 0
github.com/buyco/go-cma-sdk/auth/httpmock.go:241.43,246.2 4 0
github.com/buyco/go-cma-sdk/auth/httpmock.go:249.62,252.2 2 0
github.com/buyco/go-cma-sdk/auth/httpmock.go:255.48,260.2 4 0
github.com/buyco/go-cma-sdk/auth/httpmock.go:263.62,266.2 2 0
github.com/buyco/go-cma-sdk/auth/httpmock.go:269.57,274.2 4 0
github.com/buyco/go-cma-sdk/auth/httpmock.go:277.81,280.2 2 0
github.com/buyco/go-cma-sdk/auth/httpmock.go:283.65,288.2 4 0
github.com/buyco/go-cma-sdk/auth/httpmock.go:291.87,294.2 2 0
github.com/buyco/go-cma-sdk/auth/httpmock.go:297.47,302.2 4 0
github.com/buyco/go-cma-sdk/auth/httpmock.go:305.66,308.2 2 0
github.com/buyco/go-cma-sdk/auth/httpmock.go:311.48,316.2 4 0
github.com/buyco/go-cma-sdk/auth/httpmock.go:319.70,322.2 2 0
github.com/buyco/go-cma-sdk/auth/httpmock.go:325.43,330.2 4 0
github.com/buyco/go-cma-sdk/auth/httpmock.go:333.64,336.2 2 0
github.com/buyco/go-cma-sdk/auth/httpmock.go:339.45,344.2 4 0
github.com/buyco/go-cma-sdk/auth/httpmock.go:347.66,350.2 2 0
github.com/buyco/go-cma-sdk/auth/httpmock.go:353.49,358.2 4 0
github.com/buyco/go-cma-sdk/auth/httpmock.go:361.63,364.2 2 0
github.com/buyco/go-cma-sdk/auth/httpmock.go:367.44,372.2 4 0
github.com/buyco/go-cma-sdk/auth/httpmock.go:375.63,378.2 2 0
github.com/buyco/go-cma-sdk/auth/httpmock.go:381.54,387.2 5 0
github.com/buyco/go-cma-sdk/auth/httpmock.go:390.64,393.2 2 0
github.com/buyco/go-cma-sdk/auth/httpmock.go:396.55,402.2 5 0
github.com/buyco/go-cma-sdk/auth/httpmock.go:405.65,408.2 2 0
github.com/buyco/go-cma-sdk/auth/httpmock.go:411.63,416.2 4 0
github.com/buyco/go-cma-sdk/auth/httpmock.go:419.83,422.2 2 0
